{"/Users/zac/Documents/Documents-it/threejs-audio-visualizer-react/src/config/audio.ts": {"path":"/Users/zac/Documents/Documents-it/threejs-audio-visualizer-react/src/config/audio.ts","statementMap":{"0":{"start":{"line":8,"column":28},"end":{"line":72,"column":null}},"1":{"start":{"line":78,"column":28},"end":{"line":82,"column":null}},"2":{"start":{"line":87,"column":38},"end":{"line":99,"column":null}},"3":{"start":{"line":104,"column":41},"end":{"line":120,"column":null}}},"fnMap":{},"branchMap":{},"s":{"0":1,"1":1,"2":1,"3":1},"f":{},"b":{},"meta":{"lastBranch":0,"lastFunction":0,"lastStatement":4,"seen":{"s:8:28:72:Infinity":0,"s:78:28:82:Infinity":1,"s:87:38:99:Infinity":2,"s:104:41:120:Infinity":3}}}
,"/Users/zac/Documents/Documents-it/threejs-audio-visualizer-react/src/config/effects.ts": {"path":"/Users/zac/Documents/Documents-it/threejs-audio-visualizer-react/src/config/effects.ts","statementMap":{"0":{"start":{"line":12,"column":37},"end":{"line":23,"column":null}},"1":{"start":{"line":29,"column":40},"end":{"line":40,"column":null}},"2":{"start":{"line":47,"column":40},"end":{"line":56,"column":null}},"3":{"start":{"line":62,"column":35},"end":{"line":75,"column":null}},"4":{"start":{"line":82,"column":43},"end":{"line":95,"column":null}},"5":{"start":{"line":100,"column":39},"end":{"line":130,"column":null}},"6":{"start":{"line":136,"column":39},"end":{"line":165,"column":null}},"7":{"start":{"line":171,"column":41},"end":{"line":175,"column":null}},"8":{"start":{"line":180,"column":30},"end":{"line":199,"column":null}}},"fnMap":{},"branchMap":{},"s":{"0":1,"1":1,"2":1,"3":1,"4":1,"5":1,"6":1,"7":1,"8":1},"f":{},"b":{},"meta":{"lastBranch":0,"lastFunction":0,"lastStatement":9,"seen":{"s:12:37:23:Infinity":0,"s:29:40:40:Infinity":1,"s:47:40:56:Infinity":2,"s:62:35:75:Infinity":3,"s:82:43:95:Infinity":4,"s:100:39:130:Infinity":5,"s:136:39:165:Infinity":6,"s:171:41:175:Infinity":7,"s:180:30:199:Infinity":8}}}
,"/Users/zac/Documents/Documents-it/threejs-audio-visualizer-react/src/config/index.ts": {"path":"/Users/zac/Documents/Documents-it/threejs-audio-visualizer-react/src/config/index.ts","statementMap":{"0":{"start":{"line":92,"column":30},"end":{"line":98,"column":null}},"1":{"start":{"line":101,"column":26},"end":{"line":108,"column":null}},"2":{"start":{"line":111,"column":27},"end":{"line":118,"column":null}},"3":{"start":{"line":121,"column":36},"end":{"line":123,"column":null}},"4":{"start":{"line":122,"column":2},"end":{"line":122,"column":null}}},"fnMap":{"0":{"name":"(anonymous_0)","decl":{"start":{"line":121,"column":36},"end":{"line":121,"column":42}},"loc":{"start":{"line":121,"column":42},"end":{"line":123,"column":null}},"line":121}},"branchMap":{"0":{"loc":{"start":{"line":122,"column":9},"end":{"line":122,"column":null}},"type":"cond-expr","locations":[{"start":{"line":122,"column":31},"end":{"line":122,"column":44}},{"start":{"line":122,"column":44},"end":{"line":122,"column":null}}],"line":122}},"s":{"0":1,"1":1,"2":1,"3":1,"4":1},"f":{"0":1},"b":{"0":[1,0]},"meta":{"lastBranch":1,"lastFunction":1,"lastStatement":5,"seen":{"s:92:30:98:Infinity":0,"s:101:26:108:Infinity":1,"s:111:27:118:Infinity":2,"s:121:36:123:Infinity":3,"f:121:36:121:42":0,"s:122:2:122:Infinity":4,"b:122:31:122:44:122:44:122:Infinity":0}}}
,"/Users/zac/Documents/Documents-it/threejs-audio-visualizer-react/src/config/performance.ts": {"path":"/Users/zac/Documents/Documents-it/threejs-audio-visualizer-react/src/config/performance.ts","statementMap":{"0":{"start":{"line":11,"column":33},"end":{"line":20,"column":null}},"1":{"start":{"line":25,"column":29},"end":{"line":32,"column":null}},"2":{"start":{"line":37,"column":32},"end":{"line":44,"column":null}},"3":{"start":{"line":49,"column":35},"end":{"line":58,"column":null}},"4":{"start":{"line":63,"column":32},"end":{"line":70,"column":null}},"5":{"start":{"line":75,"column":43},"end":{"line":84,"column":null}},"6":{"start":{"line":89,"column":40},"end":{"line":100,"column":null}},"7":{"start":{"line":105,"column":28},"end":{"line":114,"column":null}},"8":{"start":{"line":119,"column":34},"end":{"line":128,"column":null}},"9":{"start":{"line":133,"column":35},"end":{"line":169,"column":null}},"10":{"start":{"line":174,"column":37},"end":{"line":191,"column":null}}},"fnMap":{},"branchMap":{},"s":{"0":1,"1":1,"2":1,"3":1,"4":1,"5":1,"6":1,"7":1,"8":1,"9":1,"10":1},"f":{},"b":{},"meta":{"lastBranch":0,"lastFunction":0,"lastStatement":11,"seen":{"s:11:33:20:Infinity":0,"s:25:29:32:Infinity":1,"s:37:32:44:Infinity":2,"s:49:35:58:Infinity":3,"s:63:32:70:Infinity":4,"s:75:43:84:Infinity":5,"s:89:40:100:Infinity":6,"s:105:28:114:Infinity":7,"s:119:34:128:Infinity":8,"s:133:35:169:Infinity":9,"s:174:37:191:Infinity":10}}}
,"/Users/zac/Documents/Documents-it/threejs-audio-visualizer-react/src/config/visualization.ts": {"path":"/Users/zac/Documents/Documents-it/threejs-audio-visualizer-react/src/config/visualization.ts","statementMap":{"0":{"start":{"line":11,"column":29},"end":{"line":20,"column":null}},"1":{"start":{"line":26,"column":30},"end":{"line":39,"column":null}},"2":{"start":{"line":44,"column":31},"end":{"line":57,"column":null}},"3":{"start":{"line":62,"column":39},"end":{"line":73,"column":null}},"4":{"start":{"line":78,"column":37},"end":{"line":94,"column":null}},"5":{"start":{"line":99,"column":35},"end":{"line":117,"column":null}},"6":{"start":{"line":122,"column":31},"end":{"line":127,"column":null}},"7":{"start":{"line":132,"column":37},"end":{"line":145,"column":null}},"8":{"start":{"line":150,"column":31},"end":{"line":161,"column":null}},"9":{"start":{"line":166,"column":41},"end":{"line":171,"column":null}},"10":{"start":{"line":177,"column":29},"end":{"line":188,"column":null}}},"fnMap":{},"branchMap":{},"s":{"0":1,"1":1,"2":1,"3":1,"4":1,"5":1,"6":1,"7":1,"8":1,"9":1,"10":1},"f":{},"b":{},"meta":{"lastBranch":0,"lastFunction":0,"lastStatement":11,"seen":{"s:11:29:20:Infinity":0,"s:26:30:39:Infinity":1,"s:44:31:57:Infinity":2,"s:62:39:73:Infinity":3,"s:78:37:94:Infinity":4,"s:99:35:117:Infinity":5,"s:122:31:127:Infinity":6,"s:132:37:145:Infinity":7,"s:150:31:161:Infinity":8,"s:166:41:171:Infinity":9,"s:177:29:188:Infinity":10}}}
,"/Users/zac/Documents/Documents-it/threejs-audio-visualizer-react/src/utils/audioUtils.ts": {"path":"/Users/zac/Documents/Documents-it/threejs-audio-visualizer-react/src/utils/audioUtils.ts","statementMap":{"0":{"start":{"line":6,"column":41},"end":{"line":30,"column":null}},"1":{"start":{"line":7,"column":26},"end":{"line":9,"column":null}},"2":{"start":{"line":12,"column":29},"end":{"line":14,"column":null}},"3":{"start":{"line":18,"column":21},"end":{"line":18,"column":null}},"4":{"start":{"line":19,"column":32},"end":{"line":19,"column":null}},"5":{"start":{"line":22,"column":29},"end":{"line":22,"column":null}},"6":{"start":{"line":24,"column":2},"end":{"line":29,"column":null}},"7":{"start":{"line":35,"column":31},"end":{"line":53,"column":null}},"8":{"start":{"line":36,"column":2},"end":{"line":51,"column":null}},"9":{"start":{"line":37,"column":4},"end":{"line":50,"column":null}},"10":{"start":{"line":39,"column":8},"end":{"line":39,"column":null}},"11":{"start":{"line":41,"column":8},"end":{"line":41,"column":null}},"12":{"start":{"line":43,"column":8},"end":{"line":43,"column":null}},"13":{"start":{"line":45,"column":8},"end":{"line":45,"column":null}},"14":{"start":{"line":47,"column":8},"end":{"line":47,"column":null}},"15":{"start":{"line":49,"column":8},"end":{"line":49,"column":null}},"16":{"start":{"line":52,"column":2},"end":{"line":52,"column":null}},"17":{"start":{"line":58,"column":34},"end":{"line":61,"column":null}},"18":{"start":{"line":59,"column":28},"end":{"line":59,"column":null}},"19":{"start":{"line":60,"column":2},"end":{"line":60,"column":null}},"20":{"start":{"line":66,"column":34},"end":{"line":70,"column":null}},"21":{"start":{"line":67,"column":2},"end":{"line":69,"column":null}},"22":{"start":{"line":68,"column":4},"end":{"line":68,"column":null}},"23":{"start":{"line":76,"column":34},"end":{"line":76,"column":null}},"24":{"start":{"line":77,"column":41},"end":{"line":77,"column":null}},"25":{"start":{"line":78,"column":47},"end":{"line":78,"column":null}},"26":{"start":{"line":79,"column":36},"end":{"line":79,"column":null}},"27":{"start":{"line":82,"column":4},"end":{"line":82,"column":null}},"28":{"start":{"line":84,"column":4},"end":{"line":86,"column":null}},"29":{"start":{"line":85,"column":6},"end":{"line":85,"column":null}},"30":{"start":{"line":88,"column":4},"end":{"line":90,"column":null}},"31":{"start":{"line":89,"column":6},"end":{"line":89,"column":null}},"32":{"start":{"line":92,"column":20},"end":{"line":92,"column":null}},"33":{"start":{"line":92,"column":54},"end":{"line":92,"column":61}},"34":{"start":{"line":93,"column":4},"end":{"line":93,"column":null}},"35":{"start":{"line":97,"column":4},"end":{"line":97,"column":null}},"36":{"start":{"line":104,"column":33},"end":{"line":110,"column":null}},"37":{"start":{"line":105,"column":2},"end":{"line":105,"column":null}},"38":{"start":{"line":106,"column":2},"end":{"line":106,"column":null}},"39":{"start":{"line":107,"column":2},"end":{"line":107,"column":null}},"40":{"start":{"line":108,"column":2},"end":{"line":108,"column":null}},"41":{"start":{"line":109,"column":2},"end":{"line":109,"column":null}},"42":{"start":{"line":115,"column":33},"end":{"line":125,"column":null}},"43":{"start":{"line":116,"column":2},"end":{"line":124,"column":null}},"44":{"start":{"line":117,"column":20},"end":{"line":117,"column":null}},"45":{"start":{"line":118,"column":4},"end":{"line":118,"column":null}},"46":{"start":{"line":119,"column":4},"end":{"line":121,"column":null}},"47":{"start":{"line":120,"column":6},"end":{"line":120,"column":null}},"48":{"start":{"line":123,"column":4},"end":{"line":123,"column":null}},"49":{"start":{"line":130,"column":36},"end":{"line":141,"column":null}},"50":{"start":{"line":131,"column":2},"end":{"line":140,"column":null}},"51":{"start":{"line":132,"column":19},"end":{"line":132,"column":null}},"52":{"start":{"line":133,"column":4},"end":{"line":133,"column":null}},"53":{"start":{"line":134,"column":4},"end":{"line":134,"column":null}},"54":{"start":{"line":135,"column":4},"end":{"line":135,"column":null}},"55":{"start":{"line":135,"column":40},"end":{"line":135,"column":52}},"56":{"start":{"line":136,"column":4},"end":{"line":136,"column":null}},"57":{"start":{"line":138,"column":4},"end":{"line":138,"column":null}},"58":{"start":{"line":139,"column":4},"end":{"line":139,"column":null}},"59":{"start":{"line":146,"column":38},"end":{"line":161,"column":null}},"60":{"start":{"line":147,"column":2},"end":{"line":160,"column":null}},"61":{"start":{"line":148,"column":19},"end":{"line":151,"column":null}},"62":{"start":{"line":152,"column":4},"end":{"line":152,"column":null}},"63":{"start":{"line":153,"column":4},"end":{"line":153,"column":null}},"64":{"start":{"line":154,"column":4},"end":{"line":154,"column":null}},"65":{"start":{"line":155,"column":4},"end":{"line":155,"column":null}},"66":{"start":{"line":155,"column":40},"end":{"line":155,"column":52}},"67":{"start":{"line":156,"column":4},"end":{"line":156,"column":null}},"68":{"start":{"line":158,"column":4},"end":{"line":158,"column":null}},"69":{"start":{"line":159,"column":4},"end":{"line":159,"column":null}}},"fnMap":{"0":{"name":"(anonymous_0)","decl":{"start":{"line":6,"column":41},"end":{"line":6,"column":68}},"loc":{"start":{"line":6,"column":68},"end":{"line":30,"column":null}},"line":6},"1":{"name":"(anonymous_1)","decl":{"start":{"line":35,"column":31},"end":{"line":35,"column":32}},"loc":{"start":{"line":35,"column":59},"end":{"line":53,"column":null}},"line":35},"2":{"name":"(anonymous_2)","decl":{"start":{"line":58,"column":34},"end":{"line":58,"column":54}},"loc":{"start":{"line":58,"column":54},"end":{"line":61,"column":null}},"line":58},"3":{"name":"(anonymous_3)","decl":{"start":{"line":66,"column":34},"end":{"line":66,"column":41}},"loc":{"start":{"line":66,"column":87},"end":{"line":70,"column":null}},"line":66},"4":{"name":"(anonymous_4)","decl":{"start":{"line":81,"column":2},"end":{"line":81,"column":13}},"loc":{"start":{"line":81,"column":43},"end":{"line":94,"column":null}},"line":81},"5":{"name":"(anonymous_5)","decl":{"start":{"line":92,"column":44},"end":{"line":92,"column":45}},"loc":{"start":{"line":92,"column":54},"end":{"line":92,"column":61}},"line":92},"6":{"name":"(anonymous_6)","decl":{"start":{"line":96,"column":2},"end":{"line":96,"column":10}},"loc":{"start":{"line":96,"column":10},"end":{"line":98,"column":null}},"line":96},"7":{"name":"(anonymous_7)","decl":{"start":{"line":104,"column":33},"end":{"line":104,"column":34}},"loc":{"start":{"line":104,"column":71},"end":{"line":110,"column":null}},"line":104},"8":{"name":"(anonymous_8)","decl":{"start":{"line":115,"column":33},"end":{"line":115,"column":60}},"loc":{"start":{"line":115,"column":60},"end":{"line":125,"column":null}},"line":115},"9":{"name":"(anonymous_9)","decl":{"start":{"line":119,"column":20},"end":{"line":119,"column":21}},"loc":{"start":{"line":119,"column":39},"end":{"line":121,"column":5}},"line":119},"10":{"name":"(anonymous_10)","decl":{"start":{"line":130,"column":36},"end":{"line":130,"column":66}},"loc":{"start":{"line":130,"column":66},"end":{"line":141,"column":null}},"line":130},"11":{"name":"(anonymous_11)","decl":{"start":{"line":135,"column":31},"end":{"line":135,"column":40}},"loc":{"start":{"line":135,"column":40},"end":{"line":135,"column":52}},"line":135},"12":{"name":"(anonymous_12)","decl":{"start":{"line":146,"column":38},"end":{"line":146,"column":68}},"loc":{"start":{"line":146,"column":68},"end":{"line":161,"column":null}},"line":146},"13":{"name":"(anonymous_13)","decl":{"start":{"line":155,"column":31},"end":{"line":155,"column":40}},"loc":{"start":{"line":155,"column":40},"end":{"line":155,"column":52}},"line":155}},"branchMap":{"0":{"loc":{"start":{"line":8,"column":4},"end":{"line":9,"column":null}},"type":"binary-expr","locations":[{"start":{"line":8,"column":4},"end":{"line":8,"column":null}},{"start":{"line":9,"column":4},"end":{"line":9,"column":null}}],"line":8},"1":{"loc":{"start":{"line":13,"column":4},"end":{"line":14,"column":null}},"type":"binary-expr","locations":[{"start":{"line":13,"column":4},"end":{"line":13,"column":null}},{"start":{"line":14,"column":4},"end":{"line":14,"column":null}}],"line":13},"2":{"loc":{"start":{"line":19,"column":32},"end":{"line":19,"column":null}},"type":"binary-expr","locations":[{"start":{"line":19,"column":32},"end":{"line":19,"column":54}},{"start":{"line":19,"column":54},"end":{"line":19,"column":null}}],"line":19},"3":{"loc":{"start":{"line":36,"column":2},"end":{"line":51,"column":null}},"type":"if","locations":[{"start":{"line":36,"column":2},"end":{"line":51,"column":null}},{"start":{},"end":{}}],"line":36},"4":{"loc":{"start":{"line":37,"column":4},"end":{"line":50,"column":null}},"type":"switch","locations":[{"start":{"line":38,"column":6},"end":{"line":39,"column":null}},{"start":{"line":40,"column":6},"end":{"line":41,"column":null}},{"start":{"line":42,"column":6},"end":{"line":43,"column":null}},{"start":{"line":44,"column":6},"end":{"line":45,"column":null}},{"start":{"line":46,"column":6},"end":{"line":47,"column":null}},{"start":{"line":48,"column":6},"end":{"line":49,"column":null}}],"line":37},"5":{"loc":{"start":{"line":49,"column":15},"end":{"line":49,"column":null}},"type":"binary-expr","locations":[{"start":{"line":49,"column":15},"end":{"line":49,"column":32}},{"start":{"line":49,"column":32},"end":{"line":49,"column":null}}],"line":49},"6":{"loc":{"start":{"line":59,"column":28},"end":{"line":59,"column":null}},"type":"binary-expr","locations":[{"start":{"line":59,"column":28},"end":{"line":59,"column":52}},{"start":{"line":59,"column":52},"end":{"line":59,"column":null}}],"line":59},"7":{"loc":{"start":{"line":67,"column":2},"end":{"line":69,"column":null}},"type":"if","locations":[{"start":{"line":67,"column":2},"end":{"line":69,"column":null}},{"start":{},"end":{}}],"line":67},"8":{"loc":{"start":{"line":84,"column":4},"end":{"line":86,"column":null}},"type":"if","locations":[{"start":{"line":84,"column":4},"end":{"line":86,"column":null}},{"start":{},"end":{}}],"line":84},"9":{"loc":{"start":{"line":88,"column":4},"end":{"line":90,"column":null}},"type":"if","locations":[{"start":{"line":88,"column":4},"end":{"line":90,"column":null}},{"start":{},"end":{}}],"line":88},"10":{"loc":{"start":{"line":93,"column":11},"end":{"line":93,"column":null}},"type":"binary-expr","locations":[{"start":{"line":93,"column":11},"end":{"line":93,"column":69}},{"start":{"line":93,"column":69},"end":{"line":93,"column":null}}],"line":93},"11":{"loc":{"start":{"line":120,"column":51},"end":{"line":120,"column":76}},"type":"binary-expr","locations":[{"start":{"line":120,"column":51},"end":{"line":120,"column":67}},{"start":{"line":120,"column":67},"end":{"line":120,"column":76}}],"line":120}},"s":{"0":1,"1":4,"2":4,"3":4,"4":4,"5":4,"6":4,"7":1,"8":10,"9":7,"10":1,"11":1,"12":1,"13":1,"14":1,"15":2,"16":3,"17":1,"18":6,"19":6,"20":1,"21":3,"22":1,"23":17,"24":17,"25":17,"26":17,"27":1277,"28":1277,"29":1004,"30":1277,"31":260,"32":1017,"33":20340,"34":1017,"35":2,"36":1,"37":0,"38":0,"39":0,"40":0,"41":0,"42":1,"43":0,"44":0,"45":0,"46":0,"47":0,"48":0,"49":1,"50":0,"51":0,"52":0,"53":0,"54":0,"55":0,"56":0,"57":0,"58":0,"59":1,"60":0,"61":0,"62":0,"63":0,"64":0,"65":0,"66":0,"67":0,"68":0,"69":0},"f":{"0":4,"1":10,"2":6,"3":3,"4":1277,"5":20340,"6":2,"7":0,"8":0,"9":0,"10":0,"11":0,"12":0,"13":0},"b":{"0":[4,3],"1":[4,3],"2":[4,3],"3":[7,3],"4":[1,1,1,1,1,2],"5":[2,1],"6":[6,0],"7":[1,2],"8":[1004,273],"9":[260,1017],"10":[1017,239],"11":[0,0]},"meta":{"lastBranch":12,"lastFunction":14,"lastStatement":70,"seen":{"s:6:41:30:Infinity":0,"f:6:41:6:68":0,"s:7:26:9:Infinity":1,"b:8:4:8:Infinity:9:4:9:Infinity":0,"s:12:29:14:Infinity":2,"b:13:4:13:Infinity:14:4:14:Infinity":1,"s:18:21:18:Infinity":3,"s:19:32:19:Infinity":4,"b:19:32:19:54:19:54:19:Infinity":2,"s:22:29:22:Infinity":5,"s:24:2:29:Infinity":6,"s:35:31:53:Infinity":7,"f:35:31:35:32":1,"b:36:2:51:Infinity:undefined:undefined:undefined:undefined":3,"s:36:2:51:Infinity":8,"b:38:6:39:Infinity:40:6:41:Infinity:42:6:43:Infinity:44:6:45:Infinity:46:6:47:Infinity:48:6:49:Infinity":4,"s:37:4:50:Infinity":9,"s:39:8:39:Infinity":10,"s:41:8:41:Infinity":11,"s:43:8:43:Infinity":12,"s:45:8:45:Infinity":13,"s:47:8:47:Infinity":14,"s:49:8:49:Infinity":15,"b:49:15:49:32:49:32:49:Infinity":5,"s:52:2:52:Infinity":16,"s:58:34:61:Infinity":17,"f:58:34:58:54":2,"s:59:28:59:Infinity":18,"b:59:28:59:52:59:52:59:Infinity":6,"s:60:2:60:Infinity":19,"s:66:34:70:Infinity":20,"f:66:34:66:41":3,"b:67:2:69:Infinity:undefined:undefined:undefined:undefined":7,"s:67:2:69:Infinity":21,"s:68:4:68:Infinity":22,"s:76:34:76:Infinity":23,"s:77:41:77:Infinity":24,"s:78:47:78:Infinity":25,"s:79:36:79:Infinity":26,"f:81:2:81:13":4,"s:82:4:82:Infinity":27,"b:84:4:86:Infinity:undefined:undefined:undefined:undefined":8,"s:84:4:86:Infinity":28,"s:85:6:85:Infinity":29,"b:88:4:90:Infinity:undefined:undefined:undefined:undefined":9,"s:88:4:90:Infinity":30,"s:89:6:89:Infinity":31,"s:92:20:92:Infinity":32,"f:92:44:92:45":5,"s:92:54:92:61":33,"s:93:4:93:Infinity":34,"b:93:11:93:69:93:69:93:Infinity":10,"f:96:2:96:10":6,"s:97:4:97:Infinity":35,"s:104:33:110:Infinity":36,"f:104:33:104:34":7,"s:105:2:105:Infinity":37,"s:106:2:106:Infinity":38,"s:107:2:107:Infinity":39,"s:108:2:108:Infinity":40,"s:109:2:109:Infinity":41,"s:115:33:125:Infinity":42,"f:115:33:115:60":8,"s:116:2:124:Infinity":43,"s:117:20:117:Infinity":44,"s:118:4:118:Infinity":45,"s:119:4:121:Infinity":46,"f:119:20:119:21":9,"s:120:6:120:Infinity":47,"b:120:51:120:67:120:67:120:76":11,"s:123:4:123:Infinity":48,"s:130:36:141:Infinity":49,"f:130:36:130:66":10,"s:131:2:140:Infinity":50,"s:132:19:132:Infinity":51,"s:133:4:133:Infinity":52,"s:134:4:134:Infinity":53,"s:135:4:135:Infinity":54,"f:135:31:135:40":11,"s:135:40:135:52":55,"s:136:4:136:Infinity":56,"s:138:4:138:Infinity":57,"s:139:4:139:Infinity":58,"s:146:38:161:Infinity":59,"f:146:38:146:68":12,"s:147:2:160:Infinity":60,"s:148:19:151:Infinity":61,"s:152:4:152:Infinity":62,"s:153:4:153:Infinity":63,"s:154:4:154:Infinity":64,"s:155:4:155:Infinity":65,"f:155:31:155:40":13,"s:155:40:155:52":66,"s:156:4:156:Infinity":67,"s:158:4:158:Infinity":68,"s:159:4:159:Infinity":69}}}
}
